CRITICAL - 2023-10-08 00:46:02 --> Argument 3 passed to CodeIgniter\Router\RouteCollection::get() must be of the type array or null, string given, called in C:\xampp\htdocs\codeigniter_project\CodeIgniter4-4.3.6 -blog\app\Config\Routes.php on line 44
in SYSTEMPATH\Router\RouteCollection.php on line 917.
 1 APPPATH\Config\Routes.php(44): CodeIgniter\Router\RouteCollection->get('/logout', 'Login/logout', 'Login::logout')
 2 SYSTEMPATH\Router\RouteCollection.php(267): require('C:\\xampp\\htdocs\\codeigniter_project\\CodeIgniter4-4.3.6 -blog\\app\\Config\\Routes.php')
 3 SYSTEMPATH\CodeIgniter.php(800): CodeIgniter\Router\RouteCollection->loadRoutes()
 4 SYSTEMPATH\CodeIgniter.php(447): CodeIgniter\CodeIgniter->tryToRouteIt(null)
 5 SYSTEMPATH\CodeIgniter.php(366): CodeIgniter\CodeIgniter->handleRequest(null, Object(Config\Cache), false)
 6 FCPATH\index.php(67): CodeIgniter\CodeIgniter->run()
 7 SYSTEMPATH\Commands\Server\rewrite.php(47): require_once('C:\\xampp\\htdocs\\codeigniter_project\\CodeIgniter4-4.3.6 -blog\\public\\index.php')
ERROR - 2023-10-08 04:52:42 --> mysqli_sql_exception: Table 'students' already exists in C:\xampp\htdocs\CodeIgniter4-4.3.6 -blog\system\Database\MySQLi\Connection.php:295
Stack trace:
#0 C:\xampp\htdocs\CodeIgniter4-4.3.6 -blog\system\Database\MySQLi\Connection.php(295): mysqli->query('CREATE TABLE `s...', 0)
#1 C:\xampp\htdocs\CodeIgniter4-4.3.6 -blog\system\Database\BaseConnection.php(692): CodeIgniter\Database\MySQLi\Connection->execute('CREATE TABLE `s...')
#2 C:\xampp\htdocs\CodeIgniter4-4.3.6 -blog\system\Database\BaseConnection.php(606): CodeIgniter\Database\BaseConnection->simpleQuery('CREATE TABLE `s...')
#3 C:\xampp\htdocs\CodeIgniter4-4.3.6 -blog\system\Database\Forge.php(546): CodeIgniter\Database\BaseConnection->query('CREATE TABLE `s...')
#4 C:\xampp\htdocs\CodeIgniter4-4.3.6 -blog\app\Database\Migrations\2023-10-08-044439_CreateProductTable.php(27): CodeIgniter\Database\Forge->createTable('students')
#5 C:\xampp\htdocs\CodeIgniter4-4.3.6 -blog\system\Database\MigrationRunner.php(877): App\Database\Migrations\CreateProductTable->up()
#6 C:\xampp\htdocs\CodeIgniter4-4.3.6 -blog\system\Database\MigrationRunner.php(188): CodeIgniter\Database\MigrationRunner->migrate('up', Object(stdClass))
#7 C:\xampp\htdocs\CodeIgniter4-4.3.6 -blog\system\Commands\Database\Migrate.php(84): CodeIgniter\Database\MigrationRunner->latest(NULL)
#8 C:\xampp\htdocs\CodeIgniter4-4.3.6 -blog\system\CLI\Commands.php(65): CodeIgniter\Commands\Database\Migrate->run(Array)
#9 C:\xampp\htdocs\CodeIgniter4-4.3.6 -blog\system\CLI\Console.php(37): CodeIgniter\CLI\Commands->run('migrate', Array)
#10 C:\xampp\htdocs\CodeIgniter4-4.3.6 -blog\spark(97): CodeIgniter\CLI\Console->run()
#11 {main}
ERROR - 2023-10-08 04:53:20 --> mysqli_sql_exception: Incorrect table definition; there can be only one auto column and it must be defined as a key in C:\xampp\htdocs\CodeIgniter4-4.3.6 -blog\system\Database\MySQLi\Connection.php:295
Stack trace:
#0 C:\xampp\htdocs\CodeIgniter4-4.3.6 -blog\system\Database\MySQLi\Connection.php(295): mysqli->query('CREATE TABLE `p...', 0)
#1 C:\xampp\htdocs\CodeIgniter4-4.3.6 -blog\system\Database\BaseConnection.php(692): CodeIgniter\Database\MySQLi\Connection->execute('CREATE TABLE `p...')
#2 C:\xampp\htdocs\CodeIgniter4-4.3.6 -blog\system\Database\BaseConnection.php(606): CodeIgniter\Database\BaseConnection->simpleQuery('CREATE TABLE `p...')
#3 C:\xampp\htdocs\CodeIgniter4-4.3.6 -blog\system\Database\Forge.php(546): CodeIgniter\Database\BaseConnection->query('CREATE TABLE `p...')
#4 C:\xampp\htdocs\CodeIgniter4-4.3.6 -blog\app\Database\Migrations\2023-10-08-044439_CreateProductTable.php(27): CodeIgniter\Database\Forge->createTable('products')
#5 C:\xampp\htdocs\CodeIgniter4-4.3.6 -blog\system\Database\MigrationRunner.php(877): App\Database\Migrations\CreateProductTable->up()
#6 C:\xampp\htdocs\CodeIgniter4-4.3.6 -blog\system\Database\MigrationRunner.php(188): CodeIgniter\Database\MigrationRunner->migrate('up', Object(stdClass))
#7 C:\xampp\htdocs\CodeIgniter4-4.3.6 -blog\system\Commands\Database\Migrate.php(84): CodeIgniter\Database\MigrationRunner->latest(NULL)
#8 C:\xampp\htdocs\CodeIgniter4-4.3.6 -blog\system\CLI\Commands.php(65): CodeIgniter\Commands\Database\Migrate->run(Array)
#9 C:\xampp\htdocs\CodeIgniter4-4.3.6 -blog\system\CLI\Console.php(37): CodeIgniter\CLI\Commands->run('migrate', Array)
#10 C:\xampp\htdocs\CodeIgniter4-4.3.6 -blog\spark(97): CodeIgniter\CLI\Console->run()
#11 {main}
ERROR - 2023-10-08 05:05:43 --> mysqli_sql_exception: Unknown column 'price' in 'field list' in C:\xampp\htdocs\CodeIgniter4-4.3.6 -blog\system\Database\MySQLi\Connection.php:295
Stack trace:
#0 C:\xampp\htdocs\CodeIgniter4-4.3.6 -blog\system\Database\MySQLi\Connection.php(295): mysqli->query('INSERT INTO `pr...', 0)
#1 C:\xampp\htdocs\CodeIgniter4-4.3.6 -blog\system\Database\BaseConnection.php(692): CodeIgniter\Database\MySQLi\Connection->execute('INSERT INTO `pr...')
#2 C:\xampp\htdocs\CodeIgniter4-4.3.6 -blog\system\Database\BaseConnection.php(606): CodeIgniter\Database\BaseConnection->simpleQuery('INSERT INTO `pr...')
#3 C:\xampp\htdocs\CodeIgniter4-4.3.6 -blog\system\Database\BaseBuilder.php(2309): CodeIgniter\Database\BaseConnection->query('INSERT INTO `pr...', Array, false)
#4 C:\xampp\htdocs\CodeIgniter4-4.3.6 -blog\system\Model.php(330): CodeIgniter\Database\BaseBuilder->insert()
#5 C:\xampp\htdocs\CodeIgniter4-4.3.6 -blog\system\BaseModel.php(782): CodeIgniter\Model->doInsert(Array)
#6 C:\xampp\htdocs\CodeIgniter4-4.3.6 -blog\system\Model.php(730): CodeIgniter\BaseModel->insert(Array, true)
#7 C:\xampp\htdocs\CodeIgniter4-4.3.6 -blog\app\Controllers\ProductController.php(34): CodeIgniter\Model->insert(Array)
#8 C:\xampp\htdocs\CodeIgniter4-4.3.6 -blog\system\CodeIgniter.php(932): App\Controllers\ProductController->store()
#9 C:\xampp\htdocs\CodeIgniter4-4.3.6 -blog\system\CodeIgniter.php(497): CodeIgniter\CodeIgniter->runController(Object(App\Controllers\ProductController))
#10 C:\xampp\htdocs\CodeIgniter4-4.3.6 -blog\system\CodeIgniter.php(366): CodeIgniter\CodeIgniter->handleRequest(NULL, Object(Config\Cache), false)
#11 C:\xampp\htdocs\CodeIgniter4-4.3.6 -blog\public\index.php(67): CodeIgniter\CodeIgniter->run()
#12 C:\xampp\htdocs\CodeIgniter4-4.3.6 -blog\system\Commands\Server\rewrite.php(47): require_once('C:\\xampp\\htdocs...')
#13 {main}
CRITICAL - 2023-10-08 05:05:43 --> Unknown column 'price' in 'field list'
in SYSTEMPATH\Database\MySQLi\Connection.php on line 295.
 1 SYSTEMPATH\Database\MySQLi\Connection.php(295): mysqli->query('INSERT INTO `products` (`product`, `category`, `price`, `sku`, `model`) VALUES (\'mobile\', \'dd\', \'1200000\', \'1\', \'SAMSUNG\')', 0)
 2 SYSTEMPATH\Database\BaseConnection.php(692): CodeIgniter\Database\MySQLi\Connection->execute('INSERT INTO `products` (`product`, `category`, `price`, `sku`, `model`) VALUES (\'mobile\', \'dd\', \'1200000\', \'1\', \'SAMSUNG\')')
 3 SYSTEMPATH\Database\BaseConnection.php(606): CodeIgniter\Database\BaseConnection->simpleQuery('INSERT INTO `products` (`product`, `category`, `price`, `sku`, `model`) VALUES (\'mobile\', \'dd\', \'1200000\', \'1\', \'SAMSUNG\')')
 4 SYSTEMPATH\Database\BaseBuilder.php(2309): CodeIgniter\Database\BaseConnection->query('INSERT INTO `products` (`product`, `category`, `price`, `sku`, `model`) VALUES (:product:, :category:, :price:, :sku:, :model:)', [...], false)
 5 SYSTEMPATH\Model.php(330): CodeIgniter\Database\BaseBuilder->insert()
 6 SYSTEMPATH\BaseModel.php(782): CodeIgniter\Model->doInsert([...])
 7 SYSTEMPATH\Model.php(730): CodeIgniter\BaseModel->insert([...], true)
 8 APPPATH\Controllers\ProductController.php(34): CodeIgniter\Model->insert([...])
 9 SYSTEMPATH\CodeIgniter.php(932): App\Controllers\ProductController->store()
10 SYSTEMPATH\CodeIgniter.php(497): CodeIgniter\CodeIgniter->runController(Object(App\Controllers\ProductController))
11 SYSTEMPATH\CodeIgniter.php(366): CodeIgniter\CodeIgniter->handleRequest(null, Object(Config\Cache), false)
12 FCPATH\index.php(67): CodeIgniter\CodeIgniter->run()
13 SYSTEMPATH\Commands\Server\rewrite.php(47): require_once('C:\\xampp\\htdocs\\CodeIgniter4-4.3.6 -blog\\public\\index.php')
ERROR - 2023-10-08 05:23:39 --> mysqli_sql_exception: Unknown column 'price' in 'field list' in C:\xampp\htdocs\CodeIgniter4-4.3.6 -blog\system\Database\MySQLi\Connection.php:295
Stack trace:
#0 C:\xampp\htdocs\CodeIgniter4-4.3.6 -blog\system\Database\MySQLi\Connection.php(295): mysqli->query('INSERT INTO `pr...', 0)
#1 C:\xampp\htdocs\CodeIgniter4-4.3.6 -blog\system\Database\BaseConnection.php(692): CodeIgniter\Database\MySQLi\Connection->execute('INSERT INTO `pr...')
#2 C:\xampp\htdocs\CodeIgniter4-4.3.6 -blog\system\Database\BaseConnection.php(606): CodeIgniter\Database\BaseConnection->simpleQuery('INSERT INTO `pr...')
#3 C:\xampp\htdocs\CodeIgniter4-4.3.6 -blog\system\Database\BaseBuilder.php(2309): CodeIgniter\Database\BaseConnection->query('INSERT INTO `pr...', Array, false)
#4 C:\xampp\htdocs\CodeIgniter4-4.3.6 -blog\system\Model.php(330): CodeIgniter\Database\BaseBuilder->insert()
#5 C:\xampp\htdocs\CodeIgniter4-4.3.6 -blog\system\BaseModel.php(782): CodeIgniter\Model->doInsert(Array)
#6 C:\xampp\htdocs\CodeIgniter4-4.3.6 -blog\system\Model.php(730): CodeIgniter\BaseModel->insert(Array, true)
#7 C:\xampp\htdocs\CodeIgniter4-4.3.6 -blog\app\Controllers\ProductController.php(34): CodeIgniter\Model->insert(Array)
#8 C:\xampp\htdocs\CodeIgniter4-4.3.6 -blog\system\CodeIgniter.php(932): App\Controllers\ProductController->store()
#9 C:\xampp\htdocs\CodeIgniter4-4.3.6 -blog\system\CodeIgniter.php(497): CodeIgniter\CodeIgniter->runController(Object(App\Controllers\ProductController))
#10 C:\xampp\htdocs\CodeIgniter4-4.3.6 -blog\system\CodeIgniter.php(366): CodeIgniter\CodeIgniter->handleRequest(NULL, Object(Config\Cache), false)
#11 C:\xampp\htdocs\CodeIgniter4-4.3.6 -blog\public\index.php(67): CodeIgniter\CodeIgniter->run()
#12 C:\xampp\htdocs\CodeIgniter4-4.3.6 -blog\system\Commands\Server\rewrite.php(47): require_once('C:\\xampp\\htdocs...')
#13 {main}
CRITICAL - 2023-10-08 05:23:39 --> Unknown column 'price' in 'field list'
in SYSTEMPATH\Database\MySQLi\Connection.php on line 295.
 1 SYSTEMPATH\Database\MySQLi\Connection.php(295): mysqli->query('INSERT INTO `products` (`product`, `category`, `price`, `sku`, `model`) VALUES (\'mobile\', \'dd\', \'1200000\', \'1\', \'SAMSUNG\')', 0)
 2 SYSTEMPATH\Database\BaseConnection.php(692): CodeIgniter\Database\MySQLi\Connection->execute('INSERT INTO `products` (`product`, `category`, `price`, `sku`, `model`) VALUES (\'mobile\', \'dd\', \'1200000\', \'1\', \'SAMSUNG\')')
 3 SYSTEMPATH\Database\BaseConnection.php(606): CodeIgniter\Database\BaseConnection->simpleQuery('INSERT INTO `products` (`product`, `category`, `price`, `sku`, `model`) VALUES (\'mobile\', \'dd\', \'1200000\', \'1\', \'SAMSUNG\')')
 4 SYSTEMPATH\Database\BaseBuilder.php(2309): CodeIgniter\Database\BaseConnection->query('INSERT INTO `products` (`product`, `category`, `price`, `sku`, `model`) VALUES (:product:, :category:, :price:, :sku:, :model:)', [...], false)
 5 SYSTEMPATH\Model.php(330): CodeIgniter\Database\BaseBuilder->insert()
 6 SYSTEMPATH\BaseModel.php(782): CodeIgniter\Model->doInsert([...])
 7 SYSTEMPATH\Model.php(730): CodeIgniter\BaseModel->insert([...], true)
 8 APPPATH\Controllers\ProductController.php(34): CodeIgniter\Model->insert([...])
 9 SYSTEMPATH\CodeIgniter.php(932): App\Controllers\ProductController->store()
10 SYSTEMPATH\CodeIgniter.php(497): CodeIgniter\CodeIgniter->runController(Object(App\Controllers\ProductController))
11 SYSTEMPATH\CodeIgniter.php(366): CodeIgniter\CodeIgniter->handleRequest(null, Object(Config\Cache), false)
12 FCPATH\index.php(67): CodeIgniter\CodeIgniter->run()
13 SYSTEMPATH\Commands\Server\rewrite.php(47): require_once('C:\\xampp\\htdocs\\CodeIgniter4-4.3.6 -blog\\public\\index.php')
ERROR - 2023-10-08 05:31:00 --> mysqli_sql_exception: Unknown column 'price' in 'field list' in C:\xampp\htdocs\CodeIgniter4-4.3.6 -blog\system\Database\MySQLi\Connection.php:295
Stack trace:
#0 C:\xampp\htdocs\CodeIgniter4-4.3.6 -blog\system\Database\MySQLi\Connection.php(295): mysqli->query('INSERT INTO `pr...', 0)
#1 C:\xampp\htdocs\CodeIgniter4-4.3.6 -blog\system\Database\BaseConnection.php(692): CodeIgniter\Database\MySQLi\Connection->execute('INSERT INTO `pr...')
#2 C:\xampp\htdocs\CodeIgniter4-4.3.6 -blog\system\Database\BaseConnection.php(606): CodeIgniter\Database\BaseConnection->simpleQuery('INSERT INTO `pr...')
#3 C:\xampp\htdocs\CodeIgniter4-4.3.6 -blog\system\Database\BaseBuilder.php(2309): CodeIgniter\Database\BaseConnection->query('INSERT INTO `pr...', Array, false)
#4 C:\xampp\htdocs\CodeIgniter4-4.3.6 -blog\system\Model.php(330): CodeIgniter\Database\BaseBuilder->insert()
#5 C:\xampp\htdocs\CodeIgniter4-4.3.6 -blog\system\BaseModel.php(782): CodeIgniter\Model->doInsert(Array)
#6 C:\xampp\htdocs\CodeIgniter4-4.3.6 -blog\system\Model.php(730): CodeIgniter\BaseModel->insert(Array, true)
#7 C:\xampp\htdocs\CodeIgniter4-4.3.6 -blog\app\Controllers\ProductController.php(34): CodeIgniter\Model->insert(Array)
#8 C:\xampp\htdocs\CodeIgniter4-4.3.6 -blog\system\CodeIgniter.php(932): App\Controllers\ProductController->store()
#9 C:\xampp\htdocs\CodeIgniter4-4.3.6 -blog\system\CodeIgniter.php(497): CodeIgniter\CodeIgniter->runController(Object(App\Controllers\ProductController))
#10 C:\xampp\htdocs\CodeIgniter4-4.3.6 -blog\system\CodeIgniter.php(366): CodeIgniter\CodeIgniter->handleRequest(NULL, Object(Config\Cache), false)
#11 C:\xampp\htdocs\CodeIgniter4-4.3.6 -blog\public\index.php(67): CodeIgniter\CodeIgniter->run()
#12 C:\xampp\htdocs\CodeIgniter4-4.3.6 -blog\system\Commands\Server\rewrite.php(47): require_once('C:\\xampp\\htdocs...')
#13 {main}
CRITICAL - 2023-10-08 05:31:00 --> Unknown column 'price' in 'field list'
in SYSTEMPATH\Database\MySQLi\Connection.php on line 295.
 1 SYSTEMPATH\Database\MySQLi\Connection.php(295): mysqli->query('INSERT INTO `products` (`product`, `category`, `price`, `sku`, `model`) VALUES (\'mobile\', \'dd\', \'1200000\', \'1\', \'SAMSUNG\')', 0)
 2 SYSTEMPATH\Database\BaseConnection.php(692): CodeIgniter\Database\MySQLi\Connection->execute('INSERT INTO `products` (`product`, `category`, `price`, `sku`, `model`) VALUES (\'mobile\', \'dd\', \'1200000\', \'1\', \'SAMSUNG\')')
 3 SYSTEMPATH\Database\BaseConnection.php(606): CodeIgniter\Database\BaseConnection->simpleQuery('INSERT INTO `products` (`product`, `category`, `price`, `sku`, `model`) VALUES (\'mobile\', \'dd\', \'1200000\', \'1\', \'SAMSUNG\')')
 4 SYSTEMPATH\Database\BaseBuilder.php(2309): CodeIgniter\Database\BaseConnection->query('INSERT INTO `products` (`product`, `category`, `price`, `sku`, `model`) VALUES (:product:, :category:, :price:, :sku:, :model:)', [...], false)
 5 SYSTEMPATH\Model.php(330): CodeIgniter\Database\BaseBuilder->insert()
 6 SYSTEMPATH\BaseModel.php(782): CodeIgniter\Model->doInsert([...])
 7 SYSTEMPATH\Model.php(730): CodeIgniter\BaseModel->insert([...], true)
 8 APPPATH\Controllers\ProductController.php(34): CodeIgniter\Model->insert([...])
 9 SYSTEMPATH\CodeIgniter.php(932): App\Controllers\ProductController->store()
10 SYSTEMPATH\CodeIgniter.php(497): CodeIgniter\CodeIgniter->runController(Object(App\Controllers\ProductController))
11 SYSTEMPATH\CodeIgniter.php(366): CodeIgniter\CodeIgniter->handleRequest(null, Object(Config\Cache), false)
12 FCPATH\index.php(67): CodeIgniter\CodeIgniter->run()
13 SYSTEMPATH\Commands\Server\rewrite.php(47): require_once('C:\\xampp\\htdocs\\CodeIgniter4-4.3.6 -blog\\public\\index.php')
CRITICAL - 2023-10-08 05:36:06 --> Invalid file: "products.php"
in SYSTEMPATH\Exceptions\FrameworkException.php on line 33.
 1 SYSTEMPATH\View\View.php(212): CodeIgniter\Exceptions\FrameworkException::forInvalidFile('products.php')
 2 SYSTEMPATH\Common.php(1180): CodeIgniter\View\View->render('products', [], true)
 3 APPPATH\Controllers\ProductController.php(20): view('products', [...])
 4 SYSTEMPATH\CodeIgniter.php(932): App\Controllers\ProductController->index()
 5 SYSTEMPATH\CodeIgniter.php(497): CodeIgniter\CodeIgniter->runController(Object(App\Controllers\ProductController))
 6 SYSTEMPATH\CodeIgniter.php(366): CodeIgniter\CodeIgniter->handleRequest(null, Object(Config\Cache), false)
 7 FCPATH\index.php(67): CodeIgniter\CodeIgniter->run()
 8 SYSTEMPATH\Commands\Server\rewrite.php(47): require_once('C:\\xampp\\htdocs\\CodeIgniter4-4.3.6 -blog\\public\\index.php')
CRITICAL - 2023-10-08 05:39:40 --> Undefined variable $products
in APPPATH\Views\product.php on line 19.
 1 APPPATH\Views\product.php(19): CodeIgniter\Debug\Exceptions->errorHandler(2, 'Undefined variable $products', 'C:\\xampp\\htdocs\\CodeIgniter4-4.3.6 -blog\\app\\Views\\product.php', 19)
 2 SYSTEMPATH\View\View.php(224): include('C:\\xampp\\htdocs\\CodeIgniter4-4.3.6 -blog\\app\\Views\\product.php')
 3 SYSTEMPATH\View\View.php(227): CodeIgniter\View\View->CodeIgniter\View\{closure}()
 4 SYSTEMPATH\Router\RouteCollection.php(1016): CodeIgniter\View\View->render('product', null)
 5 SYSTEMPATH\CodeIgniter.php(881): CodeIgniter\Router\RouteCollection::CodeIgniter\Router\{closure}()
 6 SYSTEMPATH\CodeIgniter.php(484): CodeIgniter\CodeIgniter->startController()
 7 SYSTEMPATH\CodeIgniter.php(366): CodeIgniter\CodeIgniter->handleRequest(null, Object(Config\Cache), false)
 8 FCPATH\index.php(67): CodeIgniter\CodeIgniter->run()
 9 SYSTEMPATH\Commands\Server\rewrite.php(47): require_once('C:\\xampp\\htdocs\\CodeIgniter4-4.3.6 -blog\\public\\index.php')
CRITICAL - 2023-10-08 05:42:59 --> Undefined variable $products
in APPPATH\Views\product.php on line 19.
 1 APPPATH\Views\product.php(19): CodeIgniter\Debug\Exceptions->errorHandler(2, 'Undefined variable $products', 'C:\\xampp\\htdocs\\CodeIgniter4-4.3.6 -blog\\app\\Views\\product.php', 19)
 2 SYSTEMPATH\View\View.php(224): include('C:\\xampp\\htdocs\\CodeIgniter4-4.3.6 -blog\\app\\Views\\product.php')
 3 SYSTEMPATH\View\View.php(227): CodeIgniter\View\View->CodeIgniter\View\{closure}()
 4 SYSTEMPATH\Router\RouteCollection.php(1016): CodeIgniter\View\View->render('product', null)
 5 SYSTEMPATH\CodeIgniter.php(881): CodeIgniter\Router\RouteCollection::CodeIgniter\Router\{closure}()
 6 SYSTEMPATH\CodeIgniter.php(484): CodeIgniter\CodeIgniter->startController()
 7 SYSTEMPATH\CodeIgniter.php(366): CodeIgniter\CodeIgniter->handleRequest(null, Object(Config\Cache), false)
 8 FCPATH\index.php(67): CodeIgniter\CodeIgniter->run()
 9 SYSTEMPATH\Commands\Server\rewrite.php(47): require_once('C:\\xampp\\htdocs\\CodeIgniter4-4.3.6 -blog\\public\\index.php')
CRITICAL - 2023-10-08 05:43:01 --> Undefined variable $products
in APPPATH\Views\product.php on line 19.
 1 APPPATH\Views\product.php(19): CodeIgniter\Debug\Exceptions->errorHandler(2, 'Undefined variable $products', 'C:\\xampp\\htdocs\\CodeIgniter4-4.3.6 -blog\\app\\Views\\product.php', 19)
 2 SYSTEMPATH\View\View.php(224): include('C:\\xampp\\htdocs\\CodeIgniter4-4.3.6 -blog\\app\\Views\\product.php')
 3 SYSTEMPATH\View\View.php(227): CodeIgniter\View\View->CodeIgniter\View\{closure}()
 4 SYSTEMPATH\Router\RouteCollection.php(1016): CodeIgniter\View\View->render('product', null)
 5 SYSTEMPATH\CodeIgniter.php(881): CodeIgniter\Router\RouteCollection::CodeIgniter\Router\{closure}()
 6 SYSTEMPATH\CodeIgniter.php(484): CodeIgniter\CodeIgniter->startController()
 7 SYSTEMPATH\CodeIgniter.php(366): CodeIgniter\CodeIgniter->handleRequest(null, Object(Config\Cache), false)
 8 FCPATH\index.php(67): CodeIgniter\CodeIgniter->run()
 9 SYSTEMPATH\Commands\Server\rewrite.php(47): require_once('C:\\xampp\\htdocs\\CodeIgniter4-4.3.6 -blog\\public\\index.php')
CRITICAL - 2023-10-08 05:43:01 --> Undefined variable $products
in APPPATH\Views\product.php on line 19.
 1 APPPATH\Views\product.php(19): CodeIgniter\Debug\Exceptions->errorHandler(2, 'Undefined variable $products', 'C:\\xampp\\htdocs\\CodeIgniter4-4.3.6 -blog\\app\\Views\\product.php', 19)
 2 SYSTEMPATH\View\View.php(224): include('C:\\xampp\\htdocs\\CodeIgniter4-4.3.6 -blog\\app\\Views\\product.php')
 3 SYSTEMPATH\View\View.php(227): CodeIgniter\View\View->CodeIgniter\View\{closure}()
 4 SYSTEMPATH\Router\RouteCollection.php(1016): CodeIgniter\View\View->render('product', null)
 5 SYSTEMPATH\CodeIgniter.php(881): CodeIgniter\Router\RouteCollection::CodeIgniter\Router\{closure}()
 6 SYSTEMPATH\CodeIgniter.php(484): CodeIgniter\CodeIgniter->startController()
 7 SYSTEMPATH\CodeIgniter.php(366): CodeIgniter\CodeIgniter->handleRequest(null, Object(Config\Cache), false)
 8 FCPATH\index.php(67): CodeIgniter\CodeIgniter->run()
 9 SYSTEMPATH\Commands\Server\rewrite.php(47): require_once('C:\\xampp\\htdocs\\CodeIgniter4-4.3.6 -blog\\public\\index.php')
CRITICAL - 2023-10-08 05:43:02 --> Undefined variable $products
in APPPATH\Views\product.php on line 19.
 1 APPPATH\Views\product.php(19): CodeIgniter\Debug\Exceptions->errorHandler(2, 'Undefined variable $products', 'C:\\xampp\\htdocs\\CodeIgniter4-4.3.6 -blog\\app\\Views\\product.php', 19)
 2 SYSTEMPATH\View\View.php(224): include('C:\\xampp\\htdocs\\CodeIgniter4-4.3.6 -blog\\app\\Views\\product.php')
 3 SYSTEMPATH\View\View.php(227): CodeIgniter\View\View->CodeIgniter\View\{closure}()
 4 SYSTEMPATH\Router\RouteCollection.php(1016): CodeIgniter\View\View->render('product', null)
 5 SYSTEMPATH\CodeIgniter.php(881): CodeIgniter\Router\RouteCollection::CodeIgniter\Router\{closure}()
 6 SYSTEMPATH\CodeIgniter.php(484): CodeIgniter\CodeIgniter->startController()
 7 SYSTEMPATH\CodeIgniter.php(366): CodeIgniter\CodeIgniter->handleRequest(null, Object(Config\Cache), false)
 8 FCPATH\index.php(67): CodeIgniter\CodeIgniter->run()
 9 SYSTEMPATH\Commands\Server\rewrite.php(47): require_once('C:\\xampp\\htdocs\\CodeIgniter4-4.3.6 -blog\\public\\index.php')
CRITICAL - 2023-10-08 05:43:02 --> Undefined variable $products
in APPPATH\Views\product.php on line 19.
 1 APPPATH\Views\product.php(19): CodeIgniter\Debug\Exceptions->errorHandler(2, 'Undefined variable $products', 'C:\\xampp\\htdocs\\CodeIgniter4-4.3.6 -blog\\app\\Views\\product.php', 19)
 2 SYSTEMPATH\View\View.php(224): include('C:\\xampp\\htdocs\\CodeIgniter4-4.3.6 -blog\\app\\Views\\product.php')
 3 SYSTEMPATH\View\View.php(227): CodeIgniter\View\View->CodeIgniter\View\{closure}()
 4 SYSTEMPATH\Router\RouteCollection.php(1016): CodeIgniter\View\View->render('product', null)
 5 SYSTEMPATH\CodeIgniter.php(881): CodeIgniter\Router\RouteCollection::CodeIgniter\Router\{closure}()
 6 SYSTEMPATH\CodeIgniter.php(484): CodeIgniter\CodeIgniter->startController()
 7 SYSTEMPATH\CodeIgniter.php(366): CodeIgniter\CodeIgniter->handleRequest(null, Object(Config\Cache), false)
 8 FCPATH\index.php(67): CodeIgniter\CodeIgniter->run()
 9 SYSTEMPATH\Commands\Server\rewrite.php(47): require_once('C:\\xampp\\htdocs\\CodeIgniter4-4.3.6 -blog\\public\\index.php')
CRITICAL - 2023-10-08 05:43:23 --> Undefined variable $products
in APPPATH\Views\product.php on line 19.
 1 APPPATH\Views\product.php(19): CodeIgniter\Debug\Exceptions->errorHandler(2, 'Undefined variable $products', 'C:\\xampp\\htdocs\\CodeIgniter4-4.3.6 -blog\\app\\Views\\product.php', 19)
 2 SYSTEMPATH\View\View.php(224): include('C:\\xampp\\htdocs\\CodeIgniter4-4.3.6 -blog\\app\\Views\\product.php')
 3 SYSTEMPATH\View\View.php(227): CodeIgniter\View\View->CodeIgniter\View\{closure}()
 4 SYSTEMPATH\Router\RouteCollection.php(1016): CodeIgniter\View\View->render('product', null)
 5 SYSTEMPATH\CodeIgniter.php(881): CodeIgniter\Router\RouteCollection::CodeIgniter\Router\{closure}()
 6 SYSTEMPATH\CodeIgniter.php(484): CodeIgniter\CodeIgniter->startController()
 7 SYSTEMPATH\CodeIgniter.php(366): CodeIgniter\CodeIgniter->handleRequest(null, Object(Config\Cache), false)
 8 FCPATH\index.php(67): CodeIgniter\CodeIgniter->run()
 9 SYSTEMPATH\Commands\Server\rewrite.php(47): require_once('C:\\xampp\\htdocs\\CodeIgniter4-4.3.6 -blog\\public\\index.php')
CRITICAL - 2023-10-08 05:44:38 --> Undefined variable $products
in APPPATH\Views\product.php on line 19.
 1 APPPATH\Views\product.php(19): CodeIgniter\Debug\Exceptions->errorHandler(2, 'Undefined variable $products', 'C:\\xampp\\htdocs\\CodeIgniter4-4.3.6 -blog\\app\\Views\\product.php', 19)
 2 SYSTEMPATH\View\View.php(224): include('C:\\xampp\\htdocs\\CodeIgniter4-4.3.6 -blog\\app\\Views\\product.php')
 3 SYSTEMPATH\View\View.php(227): CodeIgniter\View\View->CodeIgniter\View\{closure}()
 4 SYSTEMPATH\Router\RouteCollection.php(1016): CodeIgniter\View\View->render('product', null)
 5 SYSTEMPATH\CodeIgniter.php(881): CodeIgniter\Router\RouteCollection::CodeIgniter\Router\{closure}()
 6 SYSTEMPATH\CodeIgniter.php(484): CodeIgniter\CodeIgniter->startController()
 7 SYSTEMPATH\CodeIgniter.php(366): CodeIgniter\CodeIgniter->handleRequest(null, Object(Config\Cache), false)
 8 FCPATH\index.php(67): CodeIgniter\CodeIgniter->run()
 9 SYSTEMPATH\Commands\Server\rewrite.php(47): require_once('C:\\xampp\\htdocs\\CodeIgniter4-4.3.6 -blog\\public\\index.php')
CRITICAL - 2023-10-08 05:50:45 --> Invalid file: "products.php"
in SYSTEMPATH\Exceptions\FrameworkException.php on line 33.
 1 SYSTEMPATH\View\View.php(212): CodeIgniter\Exceptions\FrameworkException::forInvalidFile('products.php')
 2 SYSTEMPATH\Common.php(1180): CodeIgniter\View\View->render('products', [], true)
 3 APPPATH\Controllers\ProductController.php(20): view('products', [...])
 4 SYSTEMPATH\CodeIgniter.php(932): App\Controllers\ProductController->index()
 5 SYSTEMPATH\CodeIgniter.php(497): CodeIgniter\CodeIgniter->runController(Object(App\Controllers\ProductController))
 6 SYSTEMPATH\CodeIgniter.php(366): CodeIgniter\CodeIgniter->handleRequest(null, Object(Config\Cache), false)
 7 FCPATH\index.php(67): CodeIgniter\CodeIgniter->run()
 8 SYSTEMPATH\Commands\Server\rewrite.php(47): require_once('C:\\xampp\\htdocs\\CodeIgniter4-4.3.6 -blog\\public\\index.php')
ERROR - 2023-10-08 06:28:26 --> mysqli_sql_exception: Column 'product' cannot be null in C:\xampp\htdocs\CodeIgniter4-4.3.6 -blog\system\Database\MySQLi\Connection.php:295
Stack trace:
#0 C:\xampp\htdocs\CodeIgniter4-4.3.6 -blog\system\Database\MySQLi\Connection.php(295): mysqli->query('INSERT INTO `pr...', 0)
#1 C:\xampp\htdocs\CodeIgniter4-4.3.6 -blog\system\Database\BaseConnection.php(692): CodeIgniter\Database\MySQLi\Connection->execute('INSERT INTO `pr...')
#2 C:\xampp\htdocs\CodeIgniter4-4.3.6 -blog\system\Database\BaseConnection.php(606): CodeIgniter\Database\BaseConnection->simpleQuery('INSERT INTO `pr...')
#3 C:\xampp\htdocs\CodeIgniter4-4.3.6 -blog\system\Database\BaseBuilder.php(2309): CodeIgniter\Database\BaseConnection->query('INSERT INTO `pr...', Array, false)
#4 C:\xampp\htdocs\CodeIgniter4-4.3.6 -blog\system\Model.php(330): CodeIgniter\Database\BaseBuilder->insert()
#5 C:\xampp\htdocs\CodeIgniter4-4.3.6 -blog\system\BaseModel.php(782): CodeIgniter\Model->doInsert(Array)
#6 C:\xampp\htdocs\CodeIgniter4-4.3.6 -blog\system\Model.php(730): CodeIgniter\BaseModel->insert(Array, true)
#7 C:\xampp\htdocs\CodeIgniter4-4.3.6 -blog\app\Controllers\ProductController.php(34): CodeIgniter\Model->insert(Array)
#8 C:\xampp\htdocs\CodeIgniter4-4.3.6 -blog\system\CodeIgniter.php(932): App\Controllers\ProductController->store()
#9 C:\xampp\htdocs\CodeIgniter4-4.3.6 -blog\system\CodeIgniter.php(497): CodeIgniter\CodeIgniter->runController(Object(App\Controllers\ProductController))
#10 C:\xampp\htdocs\CodeIgniter4-4.3.6 -blog\system\CodeIgniter.php(366): CodeIgniter\CodeIgniter->handleRequest(NULL, Object(Config\Cache), false)
#11 C:\xampp\htdocs\CodeIgniter4-4.3.6 -blog\public\index.php(67): CodeIgniter\CodeIgniter->run()
#12 C:\xampp\htdocs\CodeIgniter4-4.3.6 -blog\system\Commands\Server\rewrite.php(47): require_once('C:\\xampp\\htdocs...')
#13 {main}
CRITICAL - 2023-10-08 06:28:26 --> Column 'product' cannot be null
in SYSTEMPATH\Database\MySQLi\Connection.php on line 295.
 1 SYSTEMPATH\Database\MySQLi\Connection.php(295): mysqli->query('INSERT INTO `products` (`product`, `category`, `price`, `sku`, `model`) VALUES (NULL, NULL, NULL, NULL, NULL)', 0)
 2 SYSTEMPATH\Database\BaseConnection.php(692): CodeIgniter\Database\MySQLi\Connection->execute('INSERT INTO `products` (`product`, `category`, `price`, `sku`, `model`) VALUES (NULL, NULL, NULL, NULL, NULL)')
 3 SYSTEMPATH\Database\BaseConnection.php(606): CodeIgniter\Database\BaseConnection->simpleQuery('INSERT INTO `products` (`product`, `category`, `price`, `sku`, `model`) VALUES (NULL, NULL, NULL, NULL, NULL)')
 4 SYSTEMPATH\Database\BaseBuilder.php(2309): CodeIgniter\Database\BaseConnection->query('INSERT INTO `products` (`product`, `category`, `price`, `sku`, `model`) VALUES (:product:, :category:, :price:, :sku:, :model:)', [...], false)
 5 SYSTEMPATH\Model.php(330): CodeIgniter\Database\BaseBuilder->insert()
 6 SYSTEMPATH\BaseModel.php(782): CodeIgniter\Model->doInsert([...])
 7 SYSTEMPATH\Model.php(730): CodeIgniter\BaseModel->insert([...], true)
 8 APPPATH\Controllers\ProductController.php(34): CodeIgniter\Model->insert([...])
 9 SYSTEMPATH\CodeIgniter.php(932): App\Controllers\ProductController->store()
10 SYSTEMPATH\CodeIgniter.php(497): CodeIgniter\CodeIgniter->runController(Object(App\Controllers\ProductController))
11 SYSTEMPATH\CodeIgniter.php(366): CodeIgniter\CodeIgniter->handleRequest(null, Object(Config\Cache), false)
12 FCPATH\index.php(67): CodeIgniter\CodeIgniter->run()
13 SYSTEMPATH\Commands\Server\rewrite.php(47): require_once('C:\\xampp\\htdocs\\CodeIgniter4-4.3.6 -blog\\public\\index.php')
