CRITICAL - 2023-10-03 07:01:51 --> Object of class CodeIgniter\HTTP\RedirectResponse could not be converted to string
in APPPATH\Controllers\Register.php on line 24.
 1 SYSTEMPATH\CodeIgniter.php(932): App\Controllers\Register->do_register()
 2 SYSTEMPATH\CodeIgniter.php(497): CodeIgniter\CodeIgniter->runController(Object(App\Controllers\Register))
 3 SYSTEMPATH\CodeIgniter.php(366): CodeIgniter\CodeIgniter->handleRequest(null, Object(Config\Cache), false)
 4 FCPATH\index.php(67): CodeIgniter\CodeIgniter->run()
 5 SYSTEMPATH\Commands\Server\rewrite.php(47): require_once('C:\\xampp\\htdocs\\CodeIgniter4-4.3.6\\public\\index.php')
CRITICAL - 2023-10-03 07:01:54 --> Object of class CodeIgniter\HTTP\RedirectResponse could not be converted to string
in APPPATH\Controllers\Register.php on line 24.
 1 SYSTEMPATH\CodeIgniter.php(932): App\Controllers\Register->do_register()
 2 SYSTEMPATH\CodeIgniter.php(497): CodeIgniter\CodeIgniter->runController(Object(App\Controllers\Register))
 3 SYSTEMPATH\CodeIgniter.php(366): CodeIgniter\CodeIgniter->handleRequest(null, Object(Config\Cache), false)
 4 FCPATH\index.php(67): CodeIgniter\CodeIgniter->run()
 5 SYSTEMPATH\Commands\Server\rewrite.php(47): require_once('C:\\xampp\\htdocs\\CodeIgniter4-4.3.6\\public\\index.php')
CRITICAL - 2023-10-03 07:02:08 --> Object of class CodeIgniter\HTTP\RedirectResponse could not be converted to string
in APPPATH\Controllers\Register.php on line 24.
 1 SYSTEMPATH\CodeIgniter.php(932): App\Controllers\Register->do_register()
 2 SYSTEMPATH\CodeIgniter.php(497): CodeIgniter\CodeIgniter->runController(Object(App\Controllers\Register))
 3 SYSTEMPATH\CodeIgniter.php(366): CodeIgniter\CodeIgniter->handleRequest(null, Object(Config\Cache), false)
 4 FCPATH\index.php(67): CodeIgniter\CodeIgniter->run()
 5 SYSTEMPATH\Commands\Server\rewrite.php(47): require_once('C:\\xampp\\htdocs\\CodeIgniter4-4.3.6\\public\\index.php')
CRITICAL - 2023-10-03 07:02:24 --> Object of class CodeIgniter\HTTP\RedirectResponse could not be converted to string
in APPPATH\Controllers\Register.php on line 24.
 1 SYSTEMPATH\CodeIgniter.php(932): App\Controllers\Register->do_register()
 2 SYSTEMPATH\CodeIgniter.php(497): CodeIgniter\CodeIgniter->runController(Object(App\Controllers\Register))
 3 SYSTEMPATH\CodeIgniter.php(366): CodeIgniter\CodeIgniter->handleRequest(null, Object(Config\Cache), false)
 4 FCPATH\index.php(67): CodeIgniter\CodeIgniter->run()
 5 SYSTEMPATH\Commands\Server\rewrite.php(47): require_once('C:\\xampp\\htdocs\\CodeIgniter4-4.3.6\\public\\index.php')
CRITICAL - 2023-10-03 07:02:34 --> Object of class CodeIgniter\HTTP\RedirectResponse could not be converted to string
in APPPATH\Controllers\Register.php on line 24.
 1 SYSTEMPATH\CodeIgniter.php(932): App\Controllers\Register->do_register()
 2 SYSTEMPATH\CodeIgniter.php(497): CodeIgniter\CodeIgniter->runController(Object(App\Controllers\Register))
 3 SYSTEMPATH\CodeIgniter.php(366): CodeIgniter\CodeIgniter->handleRequest(null, Object(Config\Cache), false)
 4 FCPATH\index.php(67): CodeIgniter\CodeIgniter->run()
 5 SYSTEMPATH\Commands\Server\rewrite.php(47): require_once('C:\\xampp\\htdocs\\CodeIgniter4-4.3.6\\public\\index.php')
CRITICAL - 2023-10-03 07:03:11 --> Object of class CodeIgniter\HTTP\RedirectResponse could not be converted to string
in APPPATH\Controllers\Register.php on line 24.
 1 SYSTEMPATH\CodeIgniter.php(932): App\Controllers\Register->do_register()
 2 SYSTEMPATH\CodeIgniter.php(497): CodeIgniter\CodeIgniter->runController(Object(App\Controllers\Register))
 3 SYSTEMPATH\CodeIgniter.php(366): CodeIgniter\CodeIgniter->handleRequest(null, Object(Config\Cache), false)
 4 FCPATH\index.php(67): CodeIgniter\CodeIgniter->run()
 5 SYSTEMPATH\Commands\Server\rewrite.php(47): require_once('C:\\xampp\\htdocs\\CodeIgniter4-4.3.6\\public\\index.php')
CRITICAL - 2023-10-03 07:03:16 --> Object of class CodeIgniter\HTTP\RedirectResponse could not be converted to string
in APPPATH\Controllers\Register.php on line 24.
 1 SYSTEMPATH\CodeIgniter.php(932): App\Controllers\Register->do_register()
 2 SYSTEMPATH\CodeIgniter.php(497): CodeIgniter\CodeIgniter->runController(Object(App\Controllers\Register))
 3 SYSTEMPATH\CodeIgniter.php(366): CodeIgniter\CodeIgniter->handleRequest(null, Object(Config\Cache), false)
 4 FCPATH\index.php(67): CodeIgniter\CodeIgniter->run()
 5 SYSTEMPATH\Commands\Server\rewrite.php(47): require_once('C:\\xampp\\htdocs\\CodeIgniter4-4.3.6\\public\\index.php')
CRITICAL - 2023-10-03 07:03:27 --> Object of class CodeIgniter\HTTP\RedirectResponse could not be converted to string
in APPPATH\Controllers\Register.php on line 24.
 1 SYSTEMPATH\CodeIgniter.php(932): App\Controllers\Register->do_register()
 2 SYSTEMPATH\CodeIgniter.php(497): CodeIgniter\CodeIgniter->runController(Object(App\Controllers\Register))
 3 SYSTEMPATH\CodeIgniter.php(366): CodeIgniter\CodeIgniter->handleRequest(null, Object(Config\Cache), false)
 4 FCPATH\index.php(67): CodeIgniter\CodeIgniter->run()
 5 SYSTEMPATH\Commands\Server\rewrite.php(47): require_once('C:\\xampp\\htdocs\\CodeIgniter4-4.3.6\\public\\index.php')
