CRITICAL - 2023-09-30 06:26:55 --> include(example-page.php): Failed to open stream: No such file or directory
in APPPATH\Views\backend\layout\inc\left-side-bar.php on line 38.
 1 APPPATH\Views\backend\layout\inc\left-side-bar.php(38): CodeIgniter\Debug\Exceptions->errorHandler(2, 'include(example-page.php): Failed to open stream: No such file or directory', 'C:\\xampp\\htdocs\\CodeIgniter4-4.3.6\\app\\Views\\backend\\layout\\inc\\left-side-bar.php', 38)
 2 APPPATH\Views\backend\layout\inc\left-side-bar.php(38): include()
 3 APPPATH\Views\backend\layout\pages-layout.php(67): include('C:\\xampp\\htdocs\\CodeIgniter4-4.3.6\\app\\Views\\backend\\layout\\inc\\left-side-bar.php')
 4 SYSTEMPATH\View\View.php(224): include('C:\\xampp\\htdocs\\CodeIgniter4-4.3.6\\app\\Views\\backend\\layout\\pages-layout.php')
 5 SYSTEMPATH\View\View.php(227): CodeIgniter\View\View->CodeIgniter\View\{closure}()
 6 SYSTEMPATH\View\View.php(240): CodeIgniter\View\View->render('backend/layout/pages-layout', null, true)
 7 SYSTEMPATH\Router\RouteCollection.php(1016): CodeIgniter\View\View->render('example-auth', null)
 8 SYSTEMPATH\CodeIgniter.php(881): CodeIgniter\Router\RouteCollection::CodeIgniter\Router\{closure}()
 9 SYSTEMPATH\CodeIgniter.php(484): CodeIgniter\CodeIgniter->startController()
10 SYSTEMPATH\CodeIgniter.php(366): CodeIgniter\CodeIgniter->handleRequest(null, Object(Config\Cache), false)
11 FCPATH\index.php(67): CodeIgniter\CodeIgniter->run()
CRITICAL - 2023-09-30 06:26:57 --> include(example-page.php): Failed to open stream: No such file or directory
in APPPATH\Views\backend\layout\inc\left-side-bar.php on line 38.
 1 APPPATH\Views\backend\layout\inc\left-side-bar.php(38): CodeIgniter\Debug\Exceptions->errorHandler(2, 'include(example-page.php): Failed to open stream: No such file or directory', 'C:\\xampp\\htdocs\\CodeIgniter4-4.3.6\\app\\Views\\backend\\layout\\inc\\left-side-bar.php', 38)
 2 APPPATH\Views\backend\layout\inc\left-side-bar.php(38): include()
 3 APPPATH\Views\backend\layout\pages-layout.php(67): include('C:\\xampp\\htdocs\\CodeIgniter4-4.3.6\\app\\Views\\backend\\layout\\inc\\left-side-bar.php')
 4 SYSTEMPATH\View\View.php(224): include('C:\\xampp\\htdocs\\CodeIgniter4-4.3.6\\app\\Views\\backend\\layout\\pages-layout.php')
 5 SYSTEMPATH\View\View.php(227): CodeIgniter\View\View->CodeIgniter\View\{closure}()
 6 SYSTEMPATH\View\View.php(240): CodeIgniter\View\View->render('backend/layout/pages-layout', null, true)
 7 SYSTEMPATH\Router\RouteCollection.php(1016): CodeIgniter\View\View->render('example-page', null)
 8 SYSTEMPATH\CodeIgniter.php(881): CodeIgniter\Router\RouteCollection::CodeIgniter\Router\{closure}()
 9 SYSTEMPATH\CodeIgniter.php(484): CodeIgniter\CodeIgniter->startController()
10 SYSTEMPATH\CodeIgniter.php(366): CodeIgniter\CodeIgniter->handleRequest(null, Object(Config\Cache), false)
11 FCPATH\index.php(67): CodeIgniter\CodeIgniter->run()
CRITICAL - 2023-09-30 06:27:03 --> include(example-page.php): Failed to open stream: No such file or directory
in APPPATH\Views\backend\layout\inc\left-side-bar.php on line 38.
 1 APPPATH\Views\backend\layout\inc\left-side-bar.php(38): CodeIgniter\Debug\Exceptions->errorHandler(2, 'include(example-page.php): Failed to open stream: No such file or directory', 'C:\\xampp\\htdocs\\CodeIgniter4-4.3.6\\app\\Views\\backend\\layout\\inc\\left-side-bar.php', 38)
 2 APPPATH\Views\backend\layout\inc\left-side-bar.php(38): include()
 3 APPPATH\Views\backend\layout\pages-layout.php(67): include('C:\\xampp\\htdocs\\CodeIgniter4-4.3.6\\app\\Views\\backend\\layout\\inc\\left-side-bar.php')
 4 SYSTEMPATH\View\View.php(224): include('C:\\xampp\\htdocs\\CodeIgniter4-4.3.6\\app\\Views\\backend\\layout\\pages-layout.php')
 5 SYSTEMPATH\View\View.php(227): CodeIgniter\View\View->CodeIgniter\View\{closure}()
 6 SYSTEMPATH\View\View.php(240): CodeIgniter\View\View->render('backend/layout/pages-layout', null, true)
 7 SYSTEMPATH\Router\RouteCollection.php(1016): CodeIgniter\View\View->render('example-page', null)
 8 SYSTEMPATH\CodeIgniter.php(881): CodeIgniter\Router\RouteCollection::CodeIgniter\Router\{closure}()
 9 SYSTEMPATH\CodeIgniter.php(484): CodeIgniter\CodeIgniter->startController()
10 SYSTEMPATH\CodeIgniter.php(366): CodeIgniter\CodeIgniter->handleRequest(null, Object(Config\Cache), false)
11 FCPATH\index.php(67): CodeIgniter\CodeIgniter->run()
CRITICAL - 2023-09-30 06:27:04 --> include(example-page.php): Failed to open stream: No such file or directory
in APPPATH\Views\backend\layout\inc\left-side-bar.php on line 38.
 1 APPPATH\Views\backend\layout\inc\left-side-bar.php(38): CodeIgniter\Debug\Exceptions->errorHandler(2, 'include(example-page.php): Failed to open stream: No such file or directory', 'C:\\xampp\\htdocs\\CodeIgniter4-4.3.6\\app\\Views\\backend\\layout\\inc\\left-side-bar.php', 38)
 2 APPPATH\Views\backend\layout\inc\left-side-bar.php(38): include()
 3 APPPATH\Views\backend\layout\pages-layout.php(67): include('C:\\xampp\\htdocs\\CodeIgniter4-4.3.6\\app\\Views\\backend\\layout\\inc\\left-side-bar.php')
 4 SYSTEMPATH\View\View.php(224): include('C:\\xampp\\htdocs\\CodeIgniter4-4.3.6\\app\\Views\\backend\\layout\\pages-layout.php')
 5 SYSTEMPATH\View\View.php(227): CodeIgniter\View\View->CodeIgniter\View\{closure}()
 6 SYSTEMPATH\View\View.php(240): CodeIgniter\View\View->render('backend/layout/pages-layout', null, true)
 7 SYSTEMPATH\Router\RouteCollection.php(1016): CodeIgniter\View\View->render('example-page', null)
 8 SYSTEMPATH\CodeIgniter.php(881): CodeIgniter\Router\RouteCollection::CodeIgniter\Router\{closure}()
 9 SYSTEMPATH\CodeIgniter.php(484): CodeIgniter\CodeIgniter->startController()
10 SYSTEMPATH\CodeIgniter.php(366): CodeIgniter\CodeIgniter->handleRequest(null, Object(Config\Cache), false)
11 FCPATH\index.php(67): CodeIgniter\CodeIgniter->run()
CRITICAL - 2023-09-30 06:27:14 --> include(example-page.php): Failed to open stream: No such file or directory
in APPPATH\Views\backend\layout\inc\left-side-bar.php on line 38.
 1 APPPATH\Views\backend\layout\inc\left-side-bar.php(38): CodeIgniter\Debug\Exceptions->errorHandler(2, 'include(example-page.php): Failed to open stream: No such file or directory', 'C:\\xampp\\htdocs\\CodeIgniter4-4.3.6\\app\\Views\\backend\\layout\\inc\\left-side-bar.php', 38)
 2 APPPATH\Views\backend\layout\inc\left-side-bar.php(38): include()
 3 APPPATH\Views\backend\layout\pages-layout.php(67): include('C:\\xampp\\htdocs\\CodeIgniter4-4.3.6\\app\\Views\\backend\\layout\\inc\\left-side-bar.php')
 4 SYSTEMPATH\View\View.php(224): include('C:\\xampp\\htdocs\\CodeIgniter4-4.3.6\\app\\Views\\backend\\layout\\pages-layout.php')
 5 SYSTEMPATH\View\View.php(227): CodeIgniter\View\View->CodeIgniter\View\{closure}()
 6 SYSTEMPATH\View\View.php(240): CodeIgniter\View\View->render('backend/layout/pages-layout', null, true)
 7 SYSTEMPATH\Router\RouteCollection.php(1016): CodeIgniter\View\View->render('example-page', null)
 8 SYSTEMPATH\CodeIgniter.php(881): CodeIgniter\Router\RouteCollection::CodeIgniter\Router\{closure}()
 9 SYSTEMPATH\CodeIgniter.php(484): CodeIgniter\CodeIgniter->startController()
10 SYSTEMPATH\CodeIgniter.php(366): CodeIgniter\CodeIgniter->handleRequest(null, Object(Config\Cache), false)
11 FCPATH\index.php(67): CodeIgniter\CodeIgniter->run()
CRITICAL - 2023-09-30 06:27:15 --> include(example-page.php): Failed to open stream: No such file or directory
in APPPATH\Views\backend\layout\inc\left-side-bar.php on line 38.
 1 APPPATH\Views\backend\layout\inc\left-side-bar.php(38): CodeIgniter\Debug\Exceptions->errorHandler(2, 'include(example-page.php): Failed to open stream: No such file or directory', 'C:\\xampp\\htdocs\\CodeIgniter4-4.3.6\\app\\Views\\backend\\layout\\inc\\left-side-bar.php', 38)
 2 APPPATH\Views\backend\layout\inc\left-side-bar.php(38): include()
 3 APPPATH\Views\backend\layout\pages-layout.php(67): include('C:\\xampp\\htdocs\\CodeIgniter4-4.3.6\\app\\Views\\backend\\layout\\inc\\left-side-bar.php')
 4 SYSTEMPATH\View\View.php(224): include('C:\\xampp\\htdocs\\CodeIgniter4-4.3.6\\app\\Views\\backend\\layout\\pages-layout.php')
 5 SYSTEMPATH\View\View.php(227): CodeIgniter\View\View->CodeIgniter\View\{closure}()
 6 SYSTEMPATH\View\View.php(240): CodeIgniter\View\View->render('backend/layout/pages-layout', null, true)
 7 SYSTEMPATH\Router\RouteCollection.php(1016): CodeIgniter\View\View->render('example-page', null)
 8 SYSTEMPATH\CodeIgniter.php(881): CodeIgniter\Router\RouteCollection::CodeIgniter\Router\{closure}()
 9 SYSTEMPATH\CodeIgniter.php(484): CodeIgniter\CodeIgniter->startController()
10 SYSTEMPATH\CodeIgniter.php(366): CodeIgniter\CodeIgniter->handleRequest(null, Object(Config\Cache), false)
11 FCPATH\index.php(67): CodeIgniter\CodeIgniter->run()
CRITICAL - 2023-09-30 06:27:16 --> include(example-page.php): Failed to open stream: No such file or directory
in APPPATH\Views\backend\layout\inc\left-side-bar.php on line 38.
 1 APPPATH\Views\backend\layout\inc\left-side-bar.php(38): CodeIgniter\Debug\Exceptions->errorHandler(2, 'include(example-page.php): Failed to open stream: No such file or directory', 'C:\\xampp\\htdocs\\CodeIgniter4-4.3.6\\app\\Views\\backend\\layout\\inc\\left-side-bar.php', 38)
 2 APPPATH\Views\backend\layout\inc\left-side-bar.php(38): include()
 3 APPPATH\Views\backend\layout\pages-layout.php(67): include('C:\\xampp\\htdocs\\CodeIgniter4-4.3.6\\app\\Views\\backend\\layout\\inc\\left-side-bar.php')
 4 SYSTEMPATH\View\View.php(224): include('C:\\xampp\\htdocs\\CodeIgniter4-4.3.6\\app\\Views\\backend\\layout\\pages-layout.php')
 5 SYSTEMPATH\View\View.php(227): CodeIgniter\View\View->CodeIgniter\View\{closure}()
 6 SYSTEMPATH\View\View.php(240): CodeIgniter\View\View->render('backend/layout/pages-layout', null, true)
 7 SYSTEMPATH\Router\RouteCollection.php(1016): CodeIgniter\View\View->render('example-page', null)
 8 SYSTEMPATH\CodeIgniter.php(881): CodeIgniter\Router\RouteCollection::CodeIgniter\Router\{closure}()
 9 SYSTEMPATH\CodeIgniter.php(484): CodeIgniter\CodeIgniter->startController()
10 SYSTEMPATH\CodeIgniter.php(366): CodeIgniter\CodeIgniter->handleRequest(null, Object(Config\Cache), false)
11 FCPATH\index.php(67): CodeIgniter\CodeIgniter->run()
CRITICAL - 2023-09-30 06:27:16 --> include(example-page.php): Failed to open stream: No such file or directory
in APPPATH\Views\backend\layout\inc\left-side-bar.php on line 38.
 1 APPPATH\Views\backend\layout\inc\left-side-bar.php(38): CodeIgniter\Debug\Exceptions->errorHandler(2, 'include(example-page.php): Failed to open stream: No such file or directory', 'C:\\xampp\\htdocs\\CodeIgniter4-4.3.6\\app\\Views\\backend\\layout\\inc\\left-side-bar.php', 38)
 2 APPPATH\Views\backend\layout\inc\left-side-bar.php(38): include()
 3 APPPATH\Views\backend\layout\pages-layout.php(67): include('C:\\xampp\\htdocs\\CodeIgniter4-4.3.6\\app\\Views\\backend\\layout\\inc\\left-side-bar.php')
 4 SYSTEMPATH\View\View.php(224): include('C:\\xampp\\htdocs\\CodeIgniter4-4.3.6\\app\\Views\\backend\\layout\\pages-layout.php')
 5 SYSTEMPATH\View\View.php(227): CodeIgniter\View\View->CodeIgniter\View\{closure}()
 6 SYSTEMPATH\View\View.php(240): CodeIgniter\View\View->render('backend/layout/pages-layout', null, true)
 7 SYSTEMPATH\Router\RouteCollection.php(1016): CodeIgniter\View\View->render('example-page', null)
 8 SYSTEMPATH\CodeIgniter.php(881): CodeIgniter\Router\RouteCollection::CodeIgniter\Router\{closure}()
 9 SYSTEMPATH\CodeIgniter.php(484): CodeIgniter\CodeIgniter->startController()
10 SYSTEMPATH\CodeIgniter.php(366): CodeIgniter\CodeIgniter->handleRequest(null, Object(Config\Cache), false)
11 FCPATH\index.php(67): CodeIgniter\CodeIgniter->run()
CRITICAL - 2023-09-30 06:27:16 --> include(example-page.php): Failed to open stream: No such file or directory
in APPPATH\Views\backend\layout\inc\left-side-bar.php on line 38.
 1 APPPATH\Views\backend\layout\inc\left-side-bar.php(38): CodeIgniter\Debug\Exceptions->errorHandler(2, 'include(example-page.php): Failed to open stream: No such file or directory', 'C:\\xampp\\htdocs\\CodeIgniter4-4.3.6\\app\\Views\\backend\\layout\\inc\\left-side-bar.php', 38)
 2 APPPATH\Views\backend\layout\inc\left-side-bar.php(38): include()
 3 APPPATH\Views\backend\layout\pages-layout.php(67): include('C:\\xampp\\htdocs\\CodeIgniter4-4.3.6\\app\\Views\\backend\\layout\\inc\\left-side-bar.php')
 4 SYSTEMPATH\View\View.php(224): include('C:\\xampp\\htdocs\\CodeIgniter4-4.3.6\\app\\Views\\backend\\layout\\pages-layout.php')
 5 SYSTEMPATH\View\View.php(227): CodeIgniter\View\View->CodeIgniter\View\{closure}()
 6 SYSTEMPATH\View\View.php(240): CodeIgniter\View\View->render('backend/layout/pages-layout', null, true)
 7 SYSTEMPATH\Router\RouteCollection.php(1016): CodeIgniter\View\View->render('example-page', null)
 8 SYSTEMPATH\CodeIgniter.php(881): CodeIgniter\Router\RouteCollection::CodeIgniter\Router\{closure}()
 9 SYSTEMPATH\CodeIgniter.php(484): CodeIgniter\CodeIgniter->startController()
10 SYSTEMPATH\CodeIgniter.php(366): CodeIgniter\CodeIgniter->handleRequest(null, Object(Config\Cache), false)
11 FCPATH\index.php(67): CodeIgniter\CodeIgniter->run()
CRITICAL - 2023-09-30 07:04:04 --> include(inc/left-sidebar.php): Failed to open stream: No such file or directory
in APPPATH\Views\backend\layout\pages-layout.php on line 67.
 1 APPPATH\Views\backend\layout\pages-layout.php(67): CodeIgniter\Debug\Exceptions->errorHandler(2, 'include(inc/left-sidebar.php): Failed to open stream: No such file or directory', 'C:\\xampp\\htdocs\\CodeIgniter4-4.3.6\\app\\Views\\backend\\layout\\pages-layout.php', 67)
 2 APPPATH\Views\backend\layout\pages-layout.php(67): include()
 3 SYSTEMPATH\View\View.php(224): include('C:\\xampp\\htdocs\\CodeIgniter4-4.3.6\\app\\Views\\backend\\layout\\pages-layout.php')
 4 SYSTEMPATH\View\View.php(227): CodeIgniter\View\View->CodeIgniter\View\{closure}()
 5 SYSTEMPATH\View\View.php(240): CodeIgniter\View\View->render('backend/layout/pages-layout', null, true)
 6 SYSTEMPATH\Router\RouteCollection.php(1016): CodeIgniter\View\View->render('example-auth', null)
 7 SYSTEMPATH\CodeIgniter.php(881): CodeIgniter\Router\RouteCollection::CodeIgniter\Router\{closure}()
 8 SYSTEMPATH\CodeIgniter.php(484): CodeIgniter\CodeIgniter->startController()
 9 SYSTEMPATH\CodeIgniter.php(366): CodeIgniter\CodeIgniter->handleRequest(null, Object(Config\Cache), false)
10 FCPATH\index.php(67): CodeIgniter\CodeIgniter->run()
11 SYSTEMPATH\Commands\Server\rewrite.php(47): require_once('C:\\xampp\\htdocs\\CodeIgniter4-4.3.6\\public\\index.php')
CRITICAL - 2023-09-30 07:04:08 --> include(inc/left-sidebar.php): Failed to open stream: No such file or directory
in APPPATH\Views\backend\layout\pages-layout.php on line 67.
 1 APPPATH\Views\backend\layout\pages-layout.php(67): CodeIgniter\Debug\Exceptions->errorHandler(2, 'include(inc/left-sidebar.php): Failed to open stream: No such file or directory', 'C:\\xampp\\htdocs\\CodeIgniter4-4.3.6\\app\\Views\\backend\\layout\\pages-layout.php', 67)
 2 APPPATH\Views\backend\layout\pages-layout.php(67): include()
 3 SYSTEMPATH\View\View.php(224): include('C:\\xampp\\htdocs\\CodeIgniter4-4.3.6\\app\\Views\\backend\\layout\\pages-layout.php')
 4 SYSTEMPATH\View\View.php(227): CodeIgniter\View\View->CodeIgniter\View\{closure}()
 5 SYSTEMPATH\View\View.php(240): CodeIgniter\View\View->render('backend/layout/pages-layout', null, true)
 6 SYSTEMPATH\Router\RouteCollection.php(1016): CodeIgniter\View\View->render('example-auth', null)
 7 SYSTEMPATH\CodeIgniter.php(881): CodeIgniter\Router\RouteCollection::CodeIgniter\Router\{closure}()
 8 SYSTEMPATH\CodeIgniter.php(484): CodeIgniter\CodeIgniter->startController()
 9 SYSTEMPATH\CodeIgniter.php(366): CodeIgniter\CodeIgniter->handleRequest(null, Object(Config\Cache), false)
10 FCPATH\index.php(67): CodeIgniter\CodeIgniter->run()
11 SYSTEMPATH\Commands\Server\rewrite.php(47): require_once('C:\\xampp\\htdocs\\CodeIgniter4-4.3.6\\public\\index.php')
CRITICAL - 2023-09-30 07:04:08 --> include(inc/left-sidebar.php): Failed to open stream: No such file or directory
in APPPATH\Views\backend\layout\pages-layout.php on line 67.
 1 APPPATH\Views\backend\layout\pages-layout.php(67): CodeIgniter\Debug\Exceptions->errorHandler(2, 'include(inc/left-sidebar.php): Failed to open stream: No such file or directory', 'C:\\xampp\\htdocs\\CodeIgniter4-4.3.6\\app\\Views\\backend\\layout\\pages-layout.php', 67)
 2 APPPATH\Views\backend\layout\pages-layout.php(67): include()
 3 SYSTEMPATH\View\View.php(224): include('C:\\xampp\\htdocs\\CodeIgniter4-4.3.6\\app\\Views\\backend\\layout\\pages-layout.php')
 4 SYSTEMPATH\View\View.php(227): CodeIgniter\View\View->CodeIgniter\View\{closure}()
 5 SYSTEMPATH\View\View.php(240): CodeIgniter\View\View->render('backend/layout/pages-layout', null, true)
 6 SYSTEMPATH\Router\RouteCollection.php(1016): CodeIgniter\View\View->render('example-auth', null)
 7 SYSTEMPATH\CodeIgniter.php(881): CodeIgniter\Router\RouteCollection::CodeIgniter\Router\{closure}()
 8 SYSTEMPATH\CodeIgniter.php(484): CodeIgniter\CodeIgniter->startController()
 9 SYSTEMPATH\CodeIgniter.php(366): CodeIgniter\CodeIgniter->handleRequest(null, Object(Config\Cache), false)
10 FCPATH\index.php(67): CodeIgniter\CodeIgniter->run()
11 SYSTEMPATH\Commands\Server\rewrite.php(47): require_once('C:\\xampp\\htdocs\\CodeIgniter4-4.3.6\\public\\index.php')
CRITICAL - 2023-09-30 07:04:09 --> include(inc/left-sidebar.php): Failed to open stream: No such file or directory
in APPPATH\Views\backend\layout\pages-layout.php on line 67.
 1 APPPATH\Views\backend\layout\pages-layout.php(67): CodeIgniter\Debug\Exceptions->errorHandler(2, 'include(inc/left-sidebar.php): Failed to open stream: No such file or directory', 'C:\\xampp\\htdocs\\CodeIgniter4-4.3.6\\app\\Views\\backend\\layout\\pages-layout.php', 67)
 2 APPPATH\Views\backend\layout\pages-layout.php(67): include()
 3 SYSTEMPATH\View\View.php(224): include('C:\\xampp\\htdocs\\CodeIgniter4-4.3.6\\app\\Views\\backend\\layout\\pages-layout.php')
 4 SYSTEMPATH\View\View.php(227): CodeIgniter\View\View->CodeIgniter\View\{closure}()
 5 SYSTEMPATH\View\View.php(240): CodeIgniter\View\View->render('backend/layout/pages-layout', null, true)
 6 SYSTEMPATH\Router\RouteCollection.php(1016): CodeIgniter\View\View->render('example-auth', null)
 7 SYSTEMPATH\CodeIgniter.php(881): CodeIgniter\Router\RouteCollection::CodeIgniter\Router\{closure}()
 8 SYSTEMPATH\CodeIgniter.php(484): CodeIgniter\CodeIgniter->startController()
 9 SYSTEMPATH\CodeIgniter.php(366): CodeIgniter\CodeIgniter->handleRequest(null, Object(Config\Cache), false)
10 FCPATH\index.php(67): CodeIgniter\CodeIgniter->run()
11 SYSTEMPATH\Commands\Server\rewrite.php(47): require_once('C:\\xampp\\htdocs\\CodeIgniter4-4.3.6\\public\\index.php')
